<?xml version="1.0" encoding="UTF-8"?>
<!-- Generated by org.testng.reporters.JUnitReportReporter -->
<testsuite skipped="0" hostname="LAPTOP-AGHJRJVA" name="runner.OpenWeatherRunner" tests="4" failures="0" timestamp="2020-05-26T01:38:05 IST" time="8.409" errors="0">
  <testcase name="runScenario" time="0.185" classname="runner.OpenWeatherRunner"/>
  <system-out/>
  <testcase name="runScenario" time="0.176" classname="runner.OpenWeatherRunner"/>
  <system-out/>
  <testcase name="runScenario" time="7.877" classname="runner.OpenWeatherRunner"/>
  <system-out/>
  <testcase name="runScenario" time="0.171" classname="runner.OpenWeatherRunner"/>
  <system-out/>
</testsuite> <!-- runner.OpenWeatherRunner -->
