<?xml version="1.0" encoding="UTF-8"?>
<!-- Generated by org.testng.reporters.JUnitReportReporter -->
<testsuite skipped="0" hostname="LAPTOP-AGHJRJVA" name="runner.OpenWeatherRunner" tests="4" failures="0" timestamp="2020-05-25T23:50:33 IST" time="3.122" errors="0">
  <testcase name="runScenario" time="0.159" classname="runner.OpenWeatherRunner"/>
  <system-out/>
  <testcase name="runScenario" time="2.670" classname="runner.OpenWeatherRunner"/>
  <system-out/>
  <testcase name="runScenario" time="0.151" classname="runner.OpenWeatherRunner"/>
  <system-out/>
  <testcase name="runScenario" time="0.142" classname="runner.OpenWeatherRunner"/>
  <system-out/>
</testsuite> <!-- runner.OpenWeatherRunner -->
