<?xml version="1.0" encoding="UTF-8"?>
<!-- Generated by org.testng.reporters.JUnitReportReporter -->
<testsuite skipped="0" hostname="LAPTOP-AGHJRJVA" name="runner.OpenWeatherRunner" tests="4" failures="0" timestamp="2020-05-26T01:55:00 IST" time="8.439" errors="0">
  <testcase name="runScenario" time="0.247" classname="runner.OpenWeatherRunner"/>
  <system-out/>
  <testcase name="runScenario" time="0.220" classname="runner.OpenWeatherRunner"/>
  <system-out/>
  <testcase name="runScenario" time="0.218" classname="runner.OpenWeatherRunner"/>
  <system-out/>
  <testcase name="runScenario" time="7.754" classname="runner.OpenWeatherRunner"/>
  <system-out/>
</testsuite> <!-- runner.OpenWeatherRunner -->
